1739866635.635047 client started (194536): version 3.4, socket /tmp/tmux-1000/default, protocol 8
1739866635.635061 on Linux 6.8.0-52-generic #53-Ubuntu SMP PREEMPT_DYNAMIC Sat Jan 11 00:06:25 UTC 2025
1739866635.635063 using libevent 2.1.12-stable poll
1739866635.635065 using ncurses 6.4 20240113
1739866635.635074 flags are 0x10010000
1739866635.635081 socket is /tmp/tmux-1000/default
1739866635.635090 trying connect
1739866635.635127 add peer 0x5de27fa42940: 6 ((nil))
1739866635.635313 sending message 100 to peer 0x5de27fa42940 (4 bytes)
1739866635.635316 sending message 111 to peer 0x5de27fa42940 (8 bytes)
1739866635.635318 sending message 101 to peer 0x5de27fa42940 (14 bytes)
1739866635.635321 sending message 109 to peer 0x5de27fa42940 (4 bytes)
1739866635.635323 sending message 102 to peer 0x5de27fa42940 (11 bytes)
1739866635.635325 sending message 108 to peer 0x5de27fa42940 (65 bytes)
1739866635.635327 sending message 112 to peer 0x5de27fa42940 (70 bytes)
1739866635.635328 sending message 112 to peer 0x5de27fa42940 (5 bytes)
1739866635.635330 sending message 112 to peer 0x5de27fa42940 (5 bytes)
1739866635.635331 sending message 112 to peer 0x5de27fa42940 (6 bytes)
1739866635.635333 sending message 112 to peer 0x5de27fa42940 (6 bytes)
1739866635.635334 sending message 112 to peer 0x5de27fa42940 (11 bytes)
1739866635.635336 sending message 112 to peer 0x5de27fa42940 (10 bytes)
1739866635.635337 sending message 112 to peer 0x5de27fa42940 (13 bytes)
1739866635.635339 sending message 112 to peer 0x5de27fa42940 (13 bytes)
1739866635.635340 sending message 112 to peer 0x5de27fa42940 (18 bytes)
1739866635.635342 sending message 112 to peer 0x5de27fa42940 (11 bytes)
1739866635.635343 sending message 112 to peer 0x5de27fa42940 (10 bytes)
1739866635.635344 sending message 112 to peer 0x5de27fa42940 (15 bytes)
1739866635.635346 sending message 112 to peer 0x5de27fa42940 (21 bytes)
1739866635.635347 sending message 112 to peer 0x5de27fa42940 (13 bytes)
1739866635.635349 sending message 112 to peer 0x5de27fa42940 (7 bytes)
1739866635.635350 sending message 112 to peer 0x5de27fa42940 (13 bytes)
1739866635.635352 sending message 112 to peer 0x5de27fa42940 (7 bytes)
1739866635.635353 sending message 112 to peer 0x5de27fa42940 (13 bytes)
1739866635.635355 sending message 112 to peer 0x5de27fa42940 (9 bytes)
1739866635.635356 sending message 112 to peer 0x5de27fa42940 (21 bytes)
1739866635.635358 sending message 112 to peer 0x5de27fa42940 (13 bytes)
1739866635.635359 sending message 112 to peer 0x5de27fa42940 (8 bytes)
1739866635.635360 sending message 112 to peer 0x5de27fa42940 (12 bytes)
1739866635.635362 sending message 112 to peer 0x5de27fa42940 (13 bytes)
1739866635.635363 sending message 112 to peer 0x5de27fa42940 (9 bytes)
1739866635.635365 sending message 112 to peer 0x5de27fa42940 (9 bytes)
1739866635.635366 sending message 112 to peer 0x5de27fa42940 (12 bytes)
1739866635.635368 sending message 112 to peer 0x5de27fa42940 (8 bytes)
1739866635.635369 sending message 112 to peer 0x5de27fa42940 (8 bytes)
1739866635.635371 sending message 112 to peer 0x5de27fa42940 (7 bytes)
1739866635.635372 sending message 112 to peer 0x5de27fa42940 (7 bytes)
1739866635.635374 sending message 112 to peer 0x5de27fa42940 (9 bytes)
1739866635.635375 sending message 112 to peer 0x5de27fa42940 (13 bytes)
1739866635.635376 sending message 112 to peer 0x5de27fa42940 (6 bytes)
1739866635.635378 sending message 112 to peer 0x5de27fa42940 (9 bytes)
1739866635.635379 sending message 112 to peer 0x5de27fa42940 (15 bytes)
1739866635.635381 sending message 112 to peer 0x5de27fa42940 (13 bytes)
1739866635.635382 sending message 112 to peer 0x5de27fa42940 (12 bytes)
1739866635.635384 sending message 112 to peer 0x5de27fa42940 (8 bytes)
1739866635.635385 sending message 112 to peer 0x5de27fa42940 (14 bytes)
1739866635.635387 sending message 112 to peer 0x5de27fa42940 (11 bytes)
1739866635.635388 sending message 112 to peer 0x5de27fa42940 (9 bytes)
1739866635.635390 sending message 112 to peer 0x5de27fa42940 (10 bytes)
1739866635.635391 sending message 112 to peer 0x5de27fa42940 (10 bytes)
1739866635.635397 sending message 112 to peer 0x5de27fa42940 (10 bytes)
1739866635.635399 sending message 112 to peer 0x5de27fa42940 (10 bytes)
1739866635.635400 sending message 112 to peer 0x5de27fa42940 (11 bytes)
1739866635.635401 sending message 112 to peer 0x5de27fa42940 (12 bytes)
1739866635.635403 sending message 112 to peer 0x5de27fa42940 (12 bytes)
1739866635.635404 sending message 112 to peer 0x5de27fa42940 (12 bytes)
1739866635.635406 sending message 112 to peer 0x5de27fa42940 (12 bytes)
1739866635.635407 sending message 112 to peer 0x5de27fa42940 (12 bytes)
1739866635.635410 sending message 112 to peer 0x5de27fa42940 (11 bytes)
1739866635.635413 sending message 112 to peer 0x5de27fa42940 (11 bytes)
1739866635.635415 sending message 112 to peer 0x5de27fa42940 (12 bytes)
1739866635.635417 sending message 112 to peer 0x5de27fa42940 (12 bytes)
1739866635.635420 sending message 112 to peer 0x5de27fa42940 (12 bytes)
1739866635.635422 sending message 112 to peer 0x5de27fa42940 (12 bytes)
1739866635.635424 sending message 112 to peer 0x5de27fa42940 (12 bytes)
1739866635.635425 sending message 112 to peer 0x5de27fa42940 (10 bytes)
1739866635.635427 sending message 112 to peer 0x5de27fa42940 (12 bytes)
1739866635.635428 sending message 112 to peer 0x5de27fa42940 (13 bytes)
1739866635.635430 sending message 112 to peer 0x5de27fa42940 (13 bytes)
1739866635.635431 sending message 112 to peer 0x5de27fa42940 (13 bytes)
1739866635.635433 sending message 112 to peer 0x5de27fa42940 (13 bytes)
1739866635.635434 sending message 112 to peer 0x5de27fa42940 (13 bytes)
1739866635.635436 sending message 112 to peer 0x5de27fa42940 (8 bytes)
1739866635.635437 sending message 112 to peer 0x5de27fa42940 (11 bytes)
1739866635.635439 sending message 112 to peer 0x5de27fa42940 (11 bytes)
1739866635.635440 sending message 112 to peer 0x5de27fa42940 (11 bytes)
1739866635.635442 sending message 112 to peer 0x5de27fa42940 (12 bytes)
1739866635.635443 sending message 112 to peer 0x5de27fa42940 (12 bytes)
1739866635.635445 sending message 112 to peer 0x5de27fa42940 (12 bytes)
1739866635.635446 sending message 112 to peer 0x5de27fa42940 (12 bytes)
1739866635.635447 sending message 112 to peer 0x5de27fa42940 (13 bytes)
1739866635.635449 sending message 112 to peer 0x5de27fa42940 (13 bytes)
1739866635.635450 sending message 112 to peer 0x5de27fa42940 (13 bytes)
1739866635.635452 sending message 112 to peer 0x5de27fa42940 (8 bytes)
1739866635.635453 sending message 112 to peer 0x5de27fa42940 (13 bytes)
1739866635.635455 sending message 112 to peer 0x5de27fa42940 (13 bytes)
1739866635.635456 sending message 112 to peer 0x5de27fa42940 (13 bytes)
1739866635.635458 sending message 112 to peer 0x5de27fa42940 (13 bytes)
1739866635.635459 sending message 112 to peer 0x5de27fa42940 (13 bytes)
1739866635.635461 sending message 112 to peer 0x5de27fa42940 (12 bytes)
1739866635.635462 sending message 112 to peer 0x5de27fa42940 (12 bytes)
1739866635.635464 sending message 112 to peer 0x5de27fa42940 (12 bytes)
1739866635.635465 sending message 112 to peer 0x5de27fa42940 (12 bytes)
1739866635.635467 sending message 112 to peer 0x5de27fa42940 (13 bytes)
1739866635.635468 sending message 112 to peer 0x5de27fa42940 (8 bytes)
1739866635.635470 sending message 112 to peer 0x5de27fa42940 (13 bytes)
1739866635.635471 sending message 112 to peer 0x5de27fa42940 (13 bytes)
1739866635.635473 sending message 112 to peer 0x5de27fa42940 (13 bytes)
1739866635.635474 sending message 112 to peer 0x5de27fa42940 (13 bytes)
1739866635.635476 sending message 112 to peer 0x5de27fa42940 (13 bytes)
1739866635.635477 sending message 112 to peer 0x5de27fa42940 (13 bytes)
1739866635.635479 sending message 112 to peer 0x5de27fa42940 (13 bytes)
1739866635.635482 sending message 112 to peer 0x5de27fa42940 (12 bytes)
1739866635.635484 sending message 112 to peer 0x5de27fa42940 (12 bytes)
1739866635.635487 sending message 112 to peer 0x5de27fa42940 (12 bytes)
1739866635.635489 sending message 112 to peer 0x5de27fa42940 (8 bytes)
1739866635.635490 sending message 112 to peer 0x5de27fa42940 (12 bytes)
1739866635.635494 sending message 112 to peer 0x5de27fa42940 (13 bytes)
1739866635.635496 sending message 112 to peer 0x5de27fa42940 (13 bytes)
1739866635.635497 sending message 112 to peer 0x5de27fa42940 (13 bytes)
1739866635.635499 sending message 112 to peer 0x5de27fa42940 (13 bytes)
1739866635.635500 sending message 112 to peer 0x5de27fa42940 (13 bytes)
1739866635.635502 sending message 112 to peer 0x5de27fa42940 (13 bytes)
1739866635.635503 sending message 112 to peer 0x5de27fa42940 (13 bytes)
1739866635.635505 sending message 112 to peer 0x5de27fa42940 (13 bytes)
1739866635.635506 sending message 112 to peer 0x5de27fa42940 (12 bytes)
1739866635.635507 sending message 112 to peer 0x5de27fa42940 (10 bytes)
1739866635.635509 sending message 112 to peer 0x5de27fa42940 (12 bytes)
1739866635.635510 sending message 112 to peer 0x5de27fa42940 (12 bytes)
1739866635.635512 sending message 112 to peer 0x5de27fa42940 (12 bytes)
1739866635.635513 sending message 112 to peer 0x5de27fa42940 (13 bytes)
1739866635.635515 sending message 112 to peer 0x5de27fa42940 (13 bytes)
1739866635.635516 sending message 112 to peer 0x5de27fa42940 (13 bytes)
1739866635.635518 sending message 112 to peer 0x5de27fa42940 (13 bytes)
1739866635.635519 sending message 112 to peer 0x5de27fa42940 (13 bytes)
1739866635.635521 sending message 112 to peer 0x5de27fa42940 (13 bytes)
1739866635.635522 sending message 112 to peer 0x5de27fa42940 (13 bytes)
1739866635.635524 sending message 112 to peer 0x5de27fa42940 (10 bytes)
1739866635.635525 sending message 112 to peer 0x5de27fa42940 (13 bytes)
1739866635.635527 sending message 112 to peer 0x5de27fa42940 (12 bytes)
1739866635.635528 sending message 112 to peer 0x5de27fa42940 (12 bytes)
1739866635.635529 sending message 112 to peer 0x5de27fa42940 (12 bytes)
1739866635.635531 sending message 112 to peer 0x5de27fa42940 (10 bytes)
1739866635.635532 sending message 112 to peer 0x5de27fa42940 (10 bytes)
1739866635.635534 sending message 112 to peer 0x5de27fa42940 (10 bytes)
1739866635.635535 sending message 112 to peer 0x5de27fa42940 (12 bytes)
1739866635.635537 sending message 112 to peer 0x5de27fa42940 (13 bytes)
1739866635.635538 sending message 112 to peer 0x5de27fa42940 (13 bytes)
1739866635.635540 sending message 112 to peer 0x5de27fa42940 (13 bytes)
1739866635.635541 sending message 112 to peer 0x5de27fa42940 (13 bytes)
1739866635.635543 sending message 112 to peer 0x5de27fa42940 (13 bytes)
1739866635.635544 sending message 112 to peer 0x5de27fa42940 (11 bytes)
1739866635.635546 sending message 112 to peer 0x5de27fa42940 (11 bytes)
1739866635.635547 sending message 112 to peer 0x5de27fa42940 (12 bytes)
1739866635.635549 sending message 112 to peer 0x5de27fa42940 (12 bytes)
1739866635.635550 sending message 112 to peer 0x5de27fa42940 (12 bytes)
1739866635.635551 sending message 112 to peer 0x5de27fa42940 (12 bytes)
1739866635.635553 sending message 112 to peer 0x5de27fa42940 (12 bytes)
1739866635.635554 sending message 112 to peer 0x5de27fa42940 (11 bytes)
1739866635.635556 sending message 112 to peer 0x5de27fa42940 (12 bytes)
1739866635.635557 sending message 112 to peer 0x5de27fa42940 (12 bytes)
1739866635.635559 sending message 112 to peer 0x5de27fa42940 (13 bytes)
1739866635.635560 sending message 112 to peer 0x5de27fa42940 (13 bytes)
1739866635.635562 sending message 112 to peer 0x5de27fa42940 (13 bytes)
1739866635.635563 sending message 112 to peer 0x5de27fa42940 (13 bytes)
1739866635.635565 sending message 112 to peer 0x5de27fa42940 (13 bytes)
1739866635.635568 sending message 112 to peer 0x5de27fa42940 (10 bytes)
1739866635.635570 sending message 112 to peer 0x5de27fa42940 (9 bytes)
1739866635.635573 sending message 112 to peer 0x5de27fa42940 (12 bytes)
1739866635.635575 sending message 112 to peer 0x5de27fa42940 (13 bytes)
1739866635.635576 sending message 112 to peer 0x5de27fa42940 (13 bytes)
1739866635.635578 sending message 112 to peer 0x5de27fa42940 (13 bytes)
1739866635.635579 sending message 112 to peer 0x5de27fa42940 (13 bytes)
1739866635.635580 sending message 112 to peer 0x5de27fa42940 (13 bytes)
1739866635.635584 sending message 112 to peer 0x5de27fa42940 (9 bytes)
1739866635.635586 sending message 112 to peer 0x5de27fa42940 (12 bytes)
1739866635.635587 sending message 112 to peer 0x5de27fa42940 (13 bytes)
1739866635.635588 sending message 112 to peer 0x5de27fa42940 (13 bytes)
1739866635.635590 sending message 112 to peer 0x5de27fa42940 (13 bytes)
1739866635.635591 sending message 112 to peer 0x5de27fa42940 (13 bytes)
1739866635.635593 sending message 112 to peer 0x5de27fa42940 (13 bytes)
1739866635.635594 sending message 112 to peer 0x5de27fa42940 (11 bytes)
1739866635.635596 sending message 112 to peer 0x5de27fa42940 (12 bytes)
1739866635.635597 sending message 112 to peer 0x5de27fa42940 (13 bytes)
1739866635.635599 sending message 112 to peer 0x5de27fa42940 (13 bytes)
1739866635.635600 sending message 112 to peer 0x5de27fa42940 (13 bytes)
1739866635.635602 sending message 112 to peer 0x5de27fa42940 (13 bytes)
1739866635.635603 sending message 112 to peer 0x5de27fa42940 (13 bytes)
1739866635.635605 sending message 112 to peer 0x5de27fa42940 (11 bytes)
1739866635.635606 sending message 112 to peer 0x5de27fa42940 (12 bytes)
1739866635.635608 sending message 112 to peer 0x5de27fa42940 (12 bytes)
1739866635.635609 sending message 112 to peer 0x5de27fa42940 (12 bytes)
1739866635.635611 sending message 112 to peer 0x5de27fa42940 (12 bytes)
1739866635.635612 sending message 112 to peer 0x5de27fa42940 (12 bytes)
1739866635.635614 sending message 112 to peer 0x5de27fa42940 (21 bytes)
1739866635.635615 sending message 112 to peer 0x5de27fa42940 (12 bytes)
1739866635.635617 sending message 112 to peer 0x5de27fa42940 (9 bytes)
1739866635.635618 sending message 112 to peer 0x5de27fa42940 (6 bytes)
1739866635.635620 sending message 112 to peer 0x5de27fa42940 (13 bytes)
1739866635.635621 sending message 112 to peer 0x5de27fa42940 (8 bytes)
1739866635.635623 sending message 112 to peer 0x5de27fa42940 (15 bytes)
1739866635.635624 sending message 112 to peer 0x5de27fa42940 (13 bytes)
1739866635.635626 sending message 112 to peer 0x5de27fa42940 (9 bytes)
1739866635.635627 sending message 112 to peer 0x5de27fa42940 (70 bytes)
1739866635.635629 sending message 112 to peer 0x5de27fa42940 (69 bytes)
1739866635.635630 sending message 112 to peer 0x5de27fa42940 (10 bytes)
1739866635.635632 sending message 112 to peer 0x5de27fa42940 (10 bytes)
1739866635.635633 sending message 112 to peer 0x5de27fa42940 (8 bytes)
1739866635.635635 sending message 112 to peer 0x5de27fa42940 (15 bytes)
1739866635.635636 sending message 112 to peer 0x5de27fa42940 (13 bytes)
1739866635.635638 sending message 112 to peer 0x5de27fa42940 (10 bytes)
1739866635.635639 sending message 112 to peer 0x5de27fa42940 (10 bytes)
1739866635.635641 sending message 112 to peer 0x5de27fa42940 (17 bytes)
1739866635.635642 sending message 112 to peer 0x5de27fa42940 (10 bytes)
1739866635.635644 sending message 112 to peer 0x5de27fa42940 (13 bytes)
1739866635.635647 sending message 112 to peer 0x5de27fa42940 (9 bytes)
1739866635.635649 sending message 112 to peer 0x5de27fa42940 (5 bytes)
1739866635.635652 sending message 112 to peer 0x5de27fa42940 (15 bytes)
1739866635.635654 sending message 104 to peer 0x5de27fa42940 (0 bytes)
1739866635.635656 sending message 110 to peer 0x5de27fa42940 (0 bytes)
1739866635.635657 sending message 107 to peer 0x5de27fa42940 (4 bytes)
1739866635.635659 sending message 105 to peer 0x5de27fa42940 (23 bytes)
1739866635.635661 sending message 105 to peer 0x5de27fa42940 (20 bytes)
1739866635.635662 sending message 105 to peer 0x5de27fa42940 (54 bytes)
1739866635.635664 sending message 105 to peer 0x5de27fa42940 (47 bytes)
1739866635.635665 sending message 105 to peer 0x5de27fa42940 (19 bytes)
1739866635.635667 sending message 105 to peer 0x5de27fa42940 (11 bytes)
1739866635.635668 sending message 105 to peer 0x5de27fa42940 (14 bytes)
1739866635.635670 sending message 105 to peer 0x5de27fa42940 (25 bytes)
1739866635.635671 sending message 105 to peer 0x5de27fa42940 (41 bytes)
1739866635.635673 sending message 105 to peer 0x5de27fa42940 (36 bytes)
1739866635.635678 sending message 105 to peer 0x5de27fa42940 (52 bytes)
1739866635.635680 sending message 105 to peer 0x5de27fa42940 (35 bytes)
1739866635.635681 sending message 105 to peer 0x5de27fa42940 (19 bytes)
1739866635.635683 sending message 105 to peer 0x5de27fa42940 (28 bytes)
1739866635.635684 sending message 105 to peer 0x5de27fa42940 (19 bytes)
1739866635.635686 sending message 105 to peer 0x5de27fa42940 (41 bytes)
1739866635.635687 sending message 105 to peer 0x5de27fa42940 (17 bytes)
1739866635.635689 sending message 105 to peer 0x5de27fa42940 (8 bytes)
1739866635.635691 sending message 105 to peer 0x5de27fa42940 (16 bytes)
1739866635.635692 sending message 105 to peer 0x5de27fa42940 (32 bytes)
1739866635.635694 sending message 105 to peer 0x5de27fa42940 (1817 bytes)
1739866635.635702 sending message 105 to peer 0x5de27fa42940 (54 bytes)
1739866635.635703 sending message 105 to peer 0x5de27fa42940 (16 bytes)
1739866635.635705 sending message 105 to peer 0x5de27fa42940 (27 bytes)
1739866635.635706 sending message 105 to peer 0x5de27fa42940 (63 bytes)
1739866635.635708 sending message 105 to peer 0x5de27fa42940 (21 bytes)
1739866635.635709 sending message 105 to peer 0x5de27fa42940 (11 bytes)
1739866635.635711 sending message 105 to peer 0x5de27fa42940 (365 bytes)
1739866635.635712 sending message 105 to peer 0x5de27fa42940 (90 bytes)
1739866635.635714 sending message 105 to peer 0x5de27fa42940 (69 bytes)
1739866635.635723 sending message 105 to peer 0x5de27fa42940 (19 bytes)
1739866635.635725 sending message 105 to peer 0x5de27fa42940 (18 bytes)
1739866635.635726 sending message 105 to peer 0x5de27fa42940 (19 bytes)
1739866635.635728 sending message 105 to peer 0x5de27fa42940 (8 bytes)
1739866635.635729 sending message 105 to peer 0x5de27fa42940 (51 bytes)
1739866635.635731 sending message 105 to peer 0x5de27fa42940 (19 bytes)
1739866635.635732 sending message 105 to peer 0x5de27fa42940 (29 bytes)
1739866635.635734 sending message 105 to peer 0x5de27fa42940 (18 bytes)
1739866635.635735 sending message 105 to peer 0x5de27fa42940 (25 bytes)
1739866635.635737 sending message 105 to peer 0x5de27fa42940 (36 bytes)
1739866635.635738 sending message 105 to peer 0x5de27fa42940 (35 bytes)
1739866635.635740 sending message 105 to peer 0x5de27fa42940 (47 bytes)
1739866635.635741 sending message 105 to peer 0x5de27fa42940 (13 bytes)
1739866635.635743 sending message 105 to peer 0x5de27fa42940 (27 bytes)
1739866635.635744 sending message 105 to peer 0x5de27fa42940 (35 bytes)
1739866635.635746 sending message 105 to peer 0x5de27fa42940 (13 bytes)
1739866635.635747 sending message 105 to peer 0x5de27fa42940 (17 bytes)
1739866635.635749 sending message 105 to peer 0x5de27fa42940 (18 bytes)
1739866635.635750 sending message 105 to peer 0x5de27fa42940 (13 bytes)
1739866635.635752 sending message 105 to peer 0x5de27fa42940 (41 bytes)
1739866635.635753 sending message 105 to peer 0x5de27fa42940 (41 bytes)
1739866635.635755 sending message 105 to peer 0x5de27fa42940 (23 bytes)
1739866635.635756 sending message 105 to peer 0x5de27fa42940 (98 bytes)
1739866635.635758 sending message 105 to peer 0x5de27fa42940 (31 bytes)
1739866635.635759 sending message 105 to peer 0x5de27fa42940 (15 bytes)
1739866635.635761 sending message 105 to peer 0x5de27fa42940 (23 bytes)
1739866635.635762 sending message 105 to peer 0x5de27fa42940 (23 bytes)
1739866635.635764 sending message 105 to peer 0x5de27fa42940 (17 bytes)
1739866635.635765 sending message 105 to peer 0x5de27fa42940 (21 bytes)
1739866635.635767 sending message 105 to peer 0x5de27fa42940 (11 bytes)
1739866635.635768 sending message 105 to peer 0x5de27fa42940 (20 bytes)
1739866635.635770 sending message 105 to peer 0x5de27fa42940 (29 bytes)
1739866635.635771 sending message 105 to peer 0x5de27fa42940 (16 bytes)
1739866635.635773 sending message 106 to peer 0x5de27fa42940 (0 bytes)
1739866635.635801 sending message 200 to peer 0x5de27fa42940 (4 bytes)
1739866635.635803 client loop enter
1739866635.636073 peer 0x5de27fa42940 message 303
1739866635.636076 open write file 2 -
1739866635.636084 sending message 305 to peer 0x5de27fa42940 (8 bytes)
1739866635.636091 write check file 2
1739866635.636143 peer 0x5de27fa42940 message 304
1739866635.636145 write 58 to file 2
1739866635.636147 peer 0x5de27fa42940 message 203
1739866635.636148 file 2 58 bytes left
1739866635.636154 write check file 2
1739866635.636157 client loop exit
